<?xml version="1.0" encoding="UTF-8"?>
<!-- Generated by org.testng.reporters.JUnitReportReporter -->
<testsuite hostname="LAPTOP-26U35GVQ" failures="0" tests="1" name="CucumberOptions.TestNGTestRunner" time="18.716" errors="0" timestamp="2025-06-12T12:20:47 IST" skipped="0">
  <testcase classname="CucumberOptions.TestNGTestRunner" name="runScenario" time="18.716"/>
</testsuite> <!-- CucumberOptions.TestNGTestRunner -->
